[     7.805] (WW) Failed to open protocol names file lib/xorg/protocol.txt
[     7.806] 
X.Org X Server 1.20.8
X Protocol Version 11, Revision 0
[     7.807] Build Operating System: Linux Arch Linux
[     7.807] Current Operating System: Linux arowana 5.7.9-arch1-1 #1 SMP PREEMPT Thu, 16 Jul 2020 19:34:49 +0000 x86_64
[     7.807] Kernel command line: root=/dev/nvme0n1p2 rw initrd=/initramfs-linux.img false
[     7.807] Build Date: 05 May 2020  05:08:17AM
[     7.807]  
[     7.807] Current version of pixman: 0.40.0
[     7.808] 	Before reporting problems, check http://wiki.x.org
	to make sure that you have the latest version.
[     7.808] Markers: (--) probed, (**) from config file, (==) default setting,
	(++) from command line, (!!) notice, (II) informational,
	(WW) warning, (EE) error, (NI) not implemented, (??) unknown.
[     7.809] (==) Log file: "/home/tuna/.local/share/xorg/Xorg.0.log", Time: Thu Jul 30 00:30:26 2020
[     7.813] (==) Using config directory: "/etc/X11/xorg.conf.d"
[     7.813] (==) Using system config directory "/usr/share/X11/xorg.conf.d"
[     7.814] (==) No Layout section.  Using the first Screen section.
[     7.814] (==) No screen section available. Using defaults.
[     7.814] (**) |-->Screen "Default Screen Section" (0)
[     7.814] (**) |   |-->Monitor "<default monitor>"
[     7.815] (==) No monitor specified for screen "Default Screen Section".
	Using a default monitor configuration.
[     7.815] (==) Automatically adding devices
[     7.815] (==) Automatically enabling devices
[     7.815] (==) Automatically adding GPU devices
[     7.815] (==) Automatically binding GPU devices
[     7.815] (==) Max clients allowed: 256, resource mask: 0x1fffff
[     7.815] (WW) The directory "/usr/share/fonts/misc" does not exist.
[     7.815] 	Entry deleted from font path.
[     7.816] (WW) The directory "/usr/share/fonts/OTF" does not exist.
[     7.816] 	Entry deleted from font path.
[     7.816] (WW) The directory "/usr/share/fonts/Type1" does not exist.
[     7.816] 	Entry deleted from font path.
[     7.816] (WW) The directory "/usr/share/fonts/100dpi" does not exist.
[     7.816] 	Entry deleted from font path.
[     7.816] (WW) The directory "/usr/share/fonts/75dpi" does not exist.
[     7.816] 	Entry deleted from font path.
[     7.816] (==) FontPath set to:
	/usr/share/fonts/TTF
[     7.816] (==) ModulePath set to "/usr/lib/xorg/modules"
[     7.816] (II) The server relies on udev to provide the list of input devices.
	If no devices become available, reconfigure udev or disable AutoAddDevices.
[     7.816] (II) Module ABI versions:
[     7.816] 	X.Org ANSI C Emulation: 0.4
[     7.816] 	X.Org Video Driver: 24.1
[     7.816] 	X.Org XInput driver : 24.1
[     7.816] 	X.Org Server Extension : 10.0
[     7.817] (++) using VT number 1

[     7.821] (II) systemd-logind: took control of session /org/freedesktop/login1/session/_31
[     7.822] (II) xfree86: Adding drm device (/dev/dri/card0)
[     7.823] (II) systemd-logind: got fd for /dev/dri/card0 226:0 fd 10 paused 0
[     7.829] (--) PCI:*(0@0:2:0) 8086:5917:17aa:2244 rev 7, Mem @ 0x2ffa000000/16777216, 0x2fa0000000/268435456, I/O @ 0x0000e000/64, BIOS @ 0x????????/131072
[     7.829] (WW) Open ACPI failed (/var/run/acpid.socket) (No such file or directory)
[     7.830] (II) LoadModule: "glx"
[     7.830] (II) Loading /usr/lib/xorg/modules/extensions/libglx.so
[     7.838] (II) Module glx: vendor="X.Org Foundation"
[     7.838] 	compiled for 1.20.8, module version = 1.0.0
[     7.838] 	ABI class: X.Org Server Extension, version 10.0
[     7.838] (==) Matched intel as autoconfigured driver 0
[     7.838] (==) Matched modesetting as autoconfigured driver 1
[     7.838] (==) Matched fbdev as autoconfigured driver 2
[     7.838] (==) Matched vesa as autoconfigured driver 3
[     7.838] (==) Assigned the driver to the xf86ConfigLayout
[     7.838] (II) LoadModule: "intel"
[     7.838] (II) Loading /usr/lib/xorg/modules/drivers/intel_drv.so
[     7.840] (II) Module intel: vendor="X.Org Foundation"
[     7.840] 	compiled for 1.20.8, module version = 2.99.917
[     7.840] 	Module class: X.Org Video Driver
[     7.840] 	ABI class: X.Org Video Driver, version 24.1
[     7.840] (II) LoadModule: "modesetting"
[     7.840] (II) Loading /usr/lib/xorg/modules/drivers/modesetting_drv.so
[     7.843] (II) Module modesetting: vendor="X.Org Foundation"
[     7.843] 	compiled for 1.20.8, module version = 1.20.8
[     7.843] 	Module class: X.Org Video Driver
[     7.843] 	ABI class: X.Org Video Driver, version 24.1
[     7.843] (II) LoadModule: "fbdev"
[     7.844] (WW) Warning, couldn't open module fbdev
[     7.844] (EE) Failed to load module "fbdev" (module does not exist, 0)
[     7.844] (II) LoadModule: "vesa"
[     7.844] (WW) Warning, couldn't open module vesa
[     7.844] (EE) Failed to load module "vesa" (module does not exist, 0)
[     7.844] (II) intel: Driver for Intel(R) Integrated Graphics Chipsets:
	i810, i810-dc100, i810e, i815, i830M, 845G, 854, 852GM/855GM, 865G,
	915G, E7221 (i915), 915GM, 945G, 945GM, 945GME, Pineview GM,
	Pineview G, 965G, G35, 965Q, 946GZ, 965GM, 965GME/GLE, G33, Q35, Q33,
	GM45, 4 Series, G45/G43, Q45/Q43, G41, B43
[     7.844] (II) intel: Driver for Intel(R) HD Graphics
[     7.844] (II) intel: Driver for Intel(R) Iris(TM) Graphics
[     7.844] (II) intel: Driver for Intel(R) Iris(TM) Pro Graphics
[     7.844] (II) modesetting: Driver for Modesetting Kernel Drivers: kms
[     7.844] xf86EnableIOPorts: failed to set IOPL for I/O (Operation not permitted)
[     7.845] (II) intel(0): Using Kernel Mode Setting driver: i915, version 1.6.0 20200313
[     7.845] (II) intel(0): SNA compiled from 2.99.917-908-g7181c5a4
[     7.861] (WW) Falling back to old probe method for modesetting
[     7.861] (WW) VGA arbiter: cannot open kernel arbiter, no multi-card support
[     7.862] (--) intel(0): gen9 engineering sample
[     7.862] (--) intel(0): CPU: x86-64, sse2, sse3, ssse3, sse4.1, sse4.2, avx, avx2; using a maximum of 4 threads
[     7.862] (II) intel(0): Creating default Display subsection in Screen section
	"Default Screen Section" for depth/fbbpp 24/32
[     7.862] (==) intel(0): Depth 24, (--) framebuffer bpp 32
[     7.862] (==) intel(0): RGB weight 888
[     7.862] (==) intel(0): Default visual is TrueColor
[     7.863] (II) intel(0): Output eDP1 has no monitor section
[     7.864] (**) intel(0): Found backlight control interface intel_backlight (type 'raw') for output eDP1
[     7.864] (II) intel(0): Enabled output eDP1
[     7.864] (II) intel(0): Output DP1 has no monitor section
[     7.865] (II) intel(0): Enabled output DP1
[     7.865] (II) intel(0): Output DP2 has no monitor section
[     7.865] (II) intel(0): Enabled output DP2
[     7.865] (--) intel(0): Using a maximum size of 256x256 for hardware cursors
[     7.865] (II) intel(0): Output VIRTUAL1 has no monitor section
[     7.865] (II) intel(0): Enabled output VIRTUAL1
[     7.865] (--) intel(0): Output eDP1 using initial mode 3000x2000 on pipe 0
[     7.865] (==) intel(0): TearFree disabled
[     7.866] (==) intel(0): Using gamma correction (1.0, 1.0, 1.0)
[     7.866] (==) intel(0): DPI set to (96, 96)
[     7.866] (II) Loading sub module "dri3"
[     7.866] (II) LoadModule: "dri3"
[     7.866] (II) Module "dri3" already built-in
[     7.866] (II) Loading sub module "dri2"
[     7.866] (II) LoadModule: "dri2"
[     7.866] (II) Module "dri2" already built-in
[     7.866] (II) Loading sub module "present"
[     7.866] (II) LoadModule: "present"
[     7.866] (II) Module "present" already built-in
[     7.866] (II) UnloadModule: "modesetting"
[     7.866] (II) Unloading modesetting
[     7.868] (II) intel(0): SNA initialized with Kabylake (gen9) backend
[     7.868] (==) intel(0): Backing store enabled
[     7.868] (==) intel(0): Silken mouse disabled
[     7.868] (II) intel(0): HW Cursor enabled
[     7.869] (==) intel(0): DPMS enabled
[     7.869] (==) intel(0): Display hotplug detection enabled
[     7.869] (II) intel(0): [DRI2] Setup complete
[     7.869] (II) intel(0): [DRI2]   DRI driver: i965
[     7.869] (II) intel(0): [DRI2]   VDPAU driver: va_gl
[     7.869] (II) intel(0): direct rendering: DRI2 DRI3 enabled
[     7.869] (II) intel(0): hardware support for Present enabled
[     7.869] (II) Initializing extension Generic Event Extension
[     7.869] (II) Initializing extension SHAPE
[     7.869] (II) Initializing extension MIT-SHM
[     7.869] (II) Initializing extension XInputExtension
[     7.870] (II) Initializing extension XTEST
[     7.870] (II) Initializing extension BIG-REQUESTS
[     7.870] (II) Initializing extension SYNC
[     7.870] (II) Initializing extension XKEYBOARD
[     7.870] (II) Initializing extension XC-MISC
[     7.870] (II) Initializing extension SECURITY
[     7.870] (II) Initializing extension XFIXES
[     7.870] (II) Initializing extension RENDER
[     7.870] (II) Initializing extension RANDR
[     7.870] (II) Initializing extension COMPOSITE
[     7.870] (II) Initializing extension DAMAGE
[     7.870] (II) Initializing extension MIT-SCREEN-SAVER
[     7.870] (II) Initializing extension DOUBLE-BUFFER
[     7.870] (II) Initializing extension RECORD
[     7.870] (II) Initializing extension DPMS
[     7.870] (II) Initializing extension Present
[     7.870] (II) Initializing extension DRI3
[     7.870] (II) Initializing extension X-Resource
[     7.870] (II) Initializing extension XVideo
[     7.870] (II) Initializing extension XVideo-MotionCompensation
[     7.870] (II) Initializing extension GLX
[     7.905] (II) AIGLX: Loaded and initialized i965
[     7.905] (II) GLX: Initialized DRI2 GL provider for screen 0
[     7.905] (II) Initializing extension XFree86-VidModeExtension
[     7.905] (II) Initializing extension XFree86-DGA
[     7.905] (II) Initializing extension XFree86-DRI
[     7.905] (II) Initializing extension DRI2
[     7.916] (II) intel(0): switch to mode 3000x2000@60.0 on eDP1 using pipe 0, position (0, 0), rotation normal, reflection none
[     7.919] (II) intel(0): Setting screen physical size to 793 x 529
[     7.960] (II) config/udev: Adding input device Video Bus (/dev/input/event7)
[     7.960] (**) Video Bus: Applying InputClass "libinput keyboard catchall"
[     7.960] (**) Video Bus: Applying InputClass "system-keyboard"
[     7.960] (II) LoadModule: "libinput"
[     7.960] (II) Loading /usr/lib/xorg/modules/input/libinput_drv.so
[     7.964] (II) Module libinput: vendor="X.Org Foundation"
[     7.964] 	compiled for 1.20.8, module version = 0.30.0
[     7.964] 	Module class: X.Org XInput Driver
[     7.964] 	ABI class: X.Org XInput driver, version 24.1
[     7.964] (II) Using input driver 'libinput' for 'Video Bus'
[     7.965] (II) systemd-logind: got fd for /dev/input/event7 13:71 fd 16 paused 0
[     7.965] (**) Video Bus: always reports core events
[     7.965] (**) Option "Device" "/dev/input/event7"
[     7.965] (**) Option "_source" "server/udev"
[     7.976] (II) event7  - Video Bus: is tagged by udev as: Keyboard
[     7.976] (II) event7  - Video Bus: device is a keyboard
[     7.976] (II) event7  - Video Bus: device removed
[     7.976] (**) Option "config_info" "udev:/sys/devices/LNXSYSTM:00/LNXSYBUS:00/PNP0A08:00/LNXVIDEO:00/input/input24/event7"
[     7.976] (II) XINPUT: Adding extended input device "Video Bus" (type: KEYBOARD, id 6)
[     7.976] (**) Option "xkb_layout" "us"
[     7.977] (II) event7  - Video Bus: is tagged by udev as: Keyboard
[     7.977] (II) event7  - Video Bus: device is a keyboard
[     7.978] (II) config/udev: Adding input device Power Button (/dev/input/event1)
[     7.978] (**) Power Button: Applying InputClass "libinput keyboard catchall"
[     7.978] (**) Power Button: Applying InputClass "system-keyboard"
[     7.978] (II) Using input driver 'libinput' for 'Power Button'
[     7.979] (II) systemd-logind: got fd for /dev/input/event1 13:65 fd 19 paused 0
[     7.979] (**) Power Button: always reports core events
[     7.979] (**) Option "Device" "/dev/input/event1"
[     7.979] (**) Option "_source" "server/udev"
[     7.979] (II) event1  - Power Button: is tagged by udev as: Keyboard
[     7.979] (II) event1  - Power Button: device is a keyboard
[     7.979] (II) event1  - Power Button: device removed
[     7.979] (**) Option "config_info" "udev:/sys/devices/LNXSYSTM:00/LNXSYBUS:00/PNP0C0C:00/input/input1/event1"
[     7.979] (II) XINPUT: Adding extended input device "Power Button" (type: KEYBOARD, id 7)
[     7.979] (**) Option "xkb_layout" "us"
[     7.980] (II) event1  - Power Button: is tagged by udev as: Keyboard
[     7.980] (II) event1  - Power Button: device is a keyboard
[     7.981] (II) config/udev: Adding input device Lid Switch (/dev/input/event0)
[     7.981] (II) No input driver specified, ignoring this device.
[     7.981] (II) This device may have been added with another device file.
[     7.982] (II) config/udev: Adding input device Chicony ThinkPad X1 Tablet Thin Keyboard Gen 3 (/dev/input/event6)
[     7.982] (**) Chicony ThinkPad X1 Tablet Thin Keyboard Gen 3: Applying InputClass "libinput keyboard catchall"
[     7.982] (**) Chicony ThinkPad X1 Tablet Thin Keyboard Gen 3: Applying InputClass "system-keyboard"
[     7.982] (II) Using input driver 'libinput' for 'Chicony ThinkPad X1 Tablet Thin Keyboard Gen 3'
[     7.982] (II) systemd-logind: got fd for /dev/input/event6 13:70 fd 20 paused 0
[     7.982] (**) Chicony ThinkPad X1 Tablet Thin Keyboard Gen 3: always reports core events
[     7.982] (**) Option "Device" "/dev/input/event6"
[     7.982] (**) Option "_source" "server/udev"
[     7.984] (II) event6  - Chicony ThinkPad X1 Tablet Thin Keyboard Gen 3: is tagged by udev as: Keyboard
[     7.984] (II) event6  - Chicony ThinkPad X1 Tablet Thin Keyboard Gen 3: device is a keyboard
[     7.984] (II) event6  - Chicony ThinkPad X1 Tablet Thin Keyboard Gen 3: device removed
[     7.984] (**) Option "config_info" "udev:/sys/devices/pci0000:00/0000:00:14.0/usb1/1-1/1-1:1.0/0003:17EF:60B5.0001/input/input23/event6"
[     7.984] (II) XINPUT: Adding extended input device "Chicony ThinkPad X1 Tablet Thin Keyboard Gen 3" (type: KEYBOARD, id 8)
[     7.984] (**) Option "xkb_layout" "us"
[     7.985] (II) event6  - Chicony ThinkPad X1 Tablet Thin Keyboard Gen 3: is tagged by udev as: Keyboard
[     7.985] (II) event6  - Chicony ThinkPad X1 Tablet Thin Keyboard Gen 3: device is a keyboard
[     7.986] (II) config/udev: Adding input device Chicony ThinkPad X1 Tablet Thin Keyboard Gen 3 (/dev/input/event8)
[     7.986] (**) Chicony ThinkPad X1 Tablet Thin Keyboard Gen 3: Applying InputClass "libinput keyboard catchall"
[     7.986] (**) Chicony ThinkPad X1 Tablet Thin Keyboard Gen 3: Applying InputClass "system-keyboard"
[     7.986] (II) Using input driver 'libinput' for 'Chicony ThinkPad X1 Tablet Thin Keyboard Gen 3'
[     7.987] (II) systemd-logind: got fd for /dev/input/event8 13:72 fd 21 paused 0
[     7.987] (**) Chicony ThinkPad X1 Tablet Thin Keyboard Gen 3: always reports core events
[     7.987] (**) Option "Device" "/dev/input/event8"
[     7.987] (**) Option "_source" "server/udev"
[     7.988] (II) event8  - Chicony ThinkPad X1 Tablet Thin Keyboard Gen 3: is tagged by udev as: Keyboard
[     7.988] (II) event8  - Chicony ThinkPad X1 Tablet Thin Keyboard Gen 3: device is a keyboard
[     7.988] (II) event8  - Chicony ThinkPad X1 Tablet Thin Keyboard Gen 3: device removed
[     7.988] (II) libinput: Chicony ThinkPad X1 Tablet Thin Keyboard Gen 3: needs a virtual subdevice
[     7.988] (**) Option "config_info" "udev:/sys/devices/pci0000:00/0000:00:14.0/usb1/1-1/1-1:1.1/0003:17EF:60B5.0002/input/input34/event8"
[     7.988] (II) XINPUT: Adding extended input device "Chicony ThinkPad X1 Tablet Thin Keyboard Gen 3" (type: MOUSE, id 9)
[     7.988] (**) Option "AccelerationScheme" "none"
[     7.988] (**) Chicony ThinkPad X1 Tablet Thin Keyboard Gen 3: (accel) selected scheme none/0
[     7.988] (**) Chicony ThinkPad X1 Tablet Thin Keyboard Gen 3: (accel) acceleration factor: 2.000
[     7.988] (**) Chicony ThinkPad X1 Tablet Thin Keyboard Gen 3: (accel) acceleration threshold: 4
[     7.989] (II) event8  - Chicony ThinkPad X1 Tablet Thin Keyboard Gen 3: is tagged by udev as: Keyboard
[     7.990] (II) event8  - Chicony ThinkPad X1 Tablet Thin Keyboard Gen 3: device is a keyboard
[     7.990] (II) config/udev: Adding input device Chicony ThinkPad X1 Tablet Thin Keyboard Gen 3 Mouse (/dev/input/event10)
[     7.991] (**) Chicony ThinkPad X1 Tablet Thin Keyboard Gen 3 Mouse: Applying InputClass "libinput pointer catchall"
[     7.991] (II) Using input driver 'libinput' for 'Chicony ThinkPad X1 Tablet Thin Keyboard Gen 3 Mouse'
[     8.047] (II) systemd-logind: got fd for /dev/input/event10 13:74 fd 22 paused 0
[     8.047] (**) Chicony ThinkPad X1 Tablet Thin Keyboard Gen 3 Mouse: always reports core events
[     8.047] (**) Option "Device" "/dev/input/event10"
[     8.047] (**) Option "_source" "server/udev"
[     8.050] (II) event10 - Chicony ThinkPad X1 Tablet Thin Keyboard Gen 3 Mouse: is tagged by udev as: Mouse
[     8.050] (II) event10 - Chicony ThinkPad X1 Tablet Thin Keyboard Gen 3 Mouse: device is a pointer
[     8.051] (II) event10 - Chicony ThinkPad X1 Tablet Thin Keyboard Gen 3 Mouse: device removed
[     8.051] (**) Option "config_info" "udev:/sys/devices/pci0000:00/0000:00:14.0/usb1/1-1/1-1:1.2/0003:17EF:60B5.0003/input/input35/event10"
[     8.051] (II) XINPUT: Adding extended input device "Chicony ThinkPad X1 Tablet Thin Keyboard Gen 3 Mouse" (type: MOUSE, id 10)
[     8.051] (**) Option "AccelerationScheme" "none"
[     8.051] (**) Chicony ThinkPad X1 Tablet Thin Keyboard Gen 3 Mouse: (accel) selected scheme none/0
[     8.051] (**) Chicony ThinkPad X1 Tablet Thin Keyboard Gen 3 Mouse: (accel) acceleration factor: 2.000
[     8.051] (**) Chicony ThinkPad X1 Tablet Thin Keyboard Gen 3 Mouse: (accel) acceleration threshold: 4
[     8.054] (II) event10 - Chicony ThinkPad X1 Tablet Thin Keyboard Gen 3 Mouse: is tagged by udev as: Mouse
[     8.055] (II) event10 - Chicony ThinkPad X1 Tablet Thin Keyboard Gen 3 Mouse: device is a pointer
[     8.057] (II) config/udev: Adding input device Chicony ThinkPad X1 Tablet Thin Keyboard Gen 3 Mouse (/dev/input/mouse0)
[     8.057] (II) No input driver specified, ignoring this device.
[     8.057] (II) This device may have been added with another device file.
[     8.059] (II) config/udev: Adding input device Chicony ThinkPad X1 Tablet Thin Keyboard Gen 3 Touchpad (/dev/input/event12)
[     8.059] (**) Chicony ThinkPad X1 Tablet Thin Keyboard Gen 3 Touchpad: Applying InputClass "libinput touchpad catchall"
[     8.059] (**) Chicony ThinkPad X1 Tablet Thin Keyboard Gen 3 Touchpad: Applying InputClass "touchpad catchall"
[     8.059] (**) Chicony ThinkPad X1 Tablet Thin Keyboard Gen 3 Touchpad: Applying InputClass "Default clickpad buttons"
[     8.059] (II) LoadModule: "synaptics"
[     8.059] (II) Loading /usr/lib/xorg/modules/input/synaptics_drv.so
[     8.060] (II) Module synaptics: vendor="X.Org Foundation"
[     8.060] 	compiled for 1.20.8, module version = 1.9.1
[     8.060] 	Module class: X.Org XInput Driver
[     8.060] 	ABI class: X.Org XInput driver, version 24.1
[     8.060] (II) Using input driver 'synaptics' for 'Chicony ThinkPad X1 Tablet Thin Keyboard Gen 3 Touchpad'
[     8.063] (II) systemd-logind: got fd for /dev/input/event12 13:76 fd 23 paused 0
[     8.063] (**) Chicony ThinkPad X1 Tablet Thin Keyboard Gen 3 Touchpad: always reports core events
[     8.063] (**) Option "Device" "/dev/input/event12"
[     8.063] (II) synaptics: Chicony ThinkPad X1 Tablet Thin Keyboard Gen 3 Touchpad: found clickpad property
[     8.063] (--) synaptics: Chicony ThinkPad X1 Tablet Thin Keyboard Gen 3 Touchpad: x-axis range 0 - 1163 (res 12)
[     8.063] (--) synaptics: Chicony ThinkPad X1 Tablet Thin Keyboard Gen 3 Touchpad: y-axis range 0 - 718 (res 12)
[     8.063] (II) synaptics: Chicony ThinkPad X1 Tablet Thin Keyboard Gen 3 Touchpad: device does not report pressure, will use touch data.
[     8.063] (II) synaptics: Chicony ThinkPad X1 Tablet Thin Keyboard Gen 3 Touchpad: device does not report finger width.
[     8.063] (--) synaptics: Chicony ThinkPad X1 Tablet Thin Keyboard Gen 3 Touchpad: buttons: left double triple
[     8.063] (--) synaptics: Chicony ThinkPad X1 Tablet Thin Keyboard Gen 3 Touchpad: Vendor 0x17ef Product 0x60b5
[     8.063] (--) synaptics: Chicony ThinkPad X1 Tablet Thin Keyboard Gen 3 Touchpad: invalid pressure range.  defaulting to 0 - 255
[     8.063] (--) synaptics: Chicony ThinkPad X1 Tablet Thin Keyboard Gen 3 Touchpad: invalid finger width range.  defaulting to 0 - 15
[     8.063] (**) Option "SoftButtonAreas" "50% 0 82% 0 0 0 0 0"
[     8.063] (--) synaptics: Chicony ThinkPad X1 Tablet Thin Keyboard Gen 3 Touchpad: touchpad found
[     8.063] (**) Chicony ThinkPad X1 Tablet Thin Keyboard Gen 3 Touchpad: always reports core events
[     8.063] (**) Option "config_info" "udev:/sys/devices/pci0000:00/0000:00:14.0/usb1/1-1/1-1:1.2/0003:17EF:60B5.0003/input/input36/event12"
[     8.063] (II) XINPUT: Adding extended input device "Chicony ThinkPad X1 Tablet Thin Keyboard Gen 3 Touchpad" (type: TOUCHPAD, id 11)
[     8.063] (**) synaptics: Chicony ThinkPad X1 Tablet Thin Keyboard Gen 3 Touchpad: (accel) MinSpeed is now constant deceleration 2.5
[     8.063] (**) synaptics: Chicony ThinkPad X1 Tablet Thin Keyboard Gen 3 Touchpad: (accel) MaxSpeed is now 1.75
[     8.063] (**) synaptics: Chicony ThinkPad X1 Tablet Thin Keyboard Gen 3 Touchpad: (accel) AccelFactor is now 0.146
[     8.064] (**) Chicony ThinkPad X1 Tablet Thin Keyboard Gen 3 Touchpad: (accel) keeping acceleration scheme 1
[     8.064] (**) Chicony ThinkPad X1 Tablet Thin Keyboard Gen 3 Touchpad: (accel) acceleration profile 1
[     8.064] (**) Chicony ThinkPad X1 Tablet Thin Keyboard Gen 3 Touchpad: (accel) acceleration factor: 2.000
[     8.064] (**) Chicony ThinkPad X1 Tablet Thin Keyboard Gen 3 Touchpad: (accel) acceleration threshold: 4
[     8.064] (--) synaptics: Chicony ThinkPad X1 Tablet Thin Keyboard Gen 3 Touchpad: touchpad found
[     8.065] (II) config/udev: Adding input device Chicony ThinkPad X1 Tablet Thin Keyboard Gen 3 Touchpad (/dev/input/mouse1)
[     8.066] (**) Chicony ThinkPad X1 Tablet Thin Keyboard Gen 3 Touchpad: Ignoring device from InputClass "touchpad ignore duplicates"
[     8.067] (II) config/udev: Adding input device Integrated Camera: Integrated C (/dev/input/event9)
[     8.067] (**) Integrated Camera: Integrated C: Applying InputClass "libinput keyboard catchall"
[     8.067] (**) Integrated Camera: Integrated C: Applying InputClass "system-keyboard"
[     8.067] (II) Using input driver 'libinput' for 'Integrated Camera: Integrated C'
[     8.069] (II) systemd-logind: got fd for /dev/input/event9 13:73 fd 24 paused 0
[     8.069] (**) Integrated Camera: Integrated C: always reports core events
[     8.069] (**) Option "Device" "/dev/input/event9"
[     8.069] (**) Option "_source" "server/udev"
[     8.073] (II) event9  - Integrated Camera: Integrated C: is tagged by udev as: Keyboard
[     8.073] (II) event9  - Integrated Camera: Integrated C: device is a keyboard
[     8.073] (II) event9  - Integrated Camera: Integrated C: device removed
[     8.074] (**) Option "config_info" "udev:/sys/devices/pci0000:00/0000:00:14.0/usb1/1-8/1-8:1.0/input/input14/event9"
[     8.074] (II) XINPUT: Adding extended input device "Integrated Camera: Integrated C" (type: KEYBOARD, id 12)
[     8.074] (**) Option "xkb_layout" "us"
[     8.077] (II) event9  - Integrated Camera: Integrated C: is tagged by udev as: Keyboard
[     8.077] (II) event9  - Integrated Camera: Integrated C: device is a keyboard
[     8.079] (II) config/udev: Adding input device Wacom HID 511A Pen (/dev/input/event20)
[     8.079] (**) Wacom HID 511A Pen: Applying InputClass "libinput tablet catchall"
[     8.079] (II) Using input driver 'libinput' for 'Wacom HID 511A Pen'
[     8.082] (II) systemd-logind: got fd for /dev/input/event20 13:84 fd 25 paused 0
[     8.082] (**) Wacom HID 511A Pen: always reports core events
[     8.082] (**) Option "Device" "/dev/input/event20"
[     8.082] (**) Option "_source" "server/udev"
[     8.086] (II) event20 - Wacom HID 511A Pen: is tagged by udev as: Tablet
[     8.101] (II) event20 - Wacom HID 511A Pen: tablet 'Wacom HID 511A Pen' unknown to libwacom
[     8.101] (II) event20 - Wacom HID 511A Pen: device is a tablet
[     8.101] (II) event20 - Wacom HID 511A Pen: device removed
[     8.102] (**) Option "config_info" "udev:/sys/devices/pci0000:00/0000:00:15.1/i2c_designware.1/i2c-1/i2c-WCOM511A:00/0018:056A:511A.0004/input/input38/event20"
[     8.102] (II) XINPUT: Adding extended input device "Wacom HID 511A Pen" (type: TABLET, id 13)
[     8.103] (II) event20 - Wacom HID 511A Pen: is tagged by udev as: Tablet
[     8.104] (II) event20 - Wacom HID 511A Pen: tablet 'Wacom HID 511A Pen' unknown to libwacom
[     8.104] (II) event20 - Wacom HID 511A Pen: device is a tablet
[     8.104] (II) config/udev: Adding input device Wacom HID 511A Pen (/dev/input/mouse2)
[     8.104] (II) No input driver specified, ignoring this device.
[     8.104] (II) This device may have been added with another device file.
[     8.105] (II) config/udev: Adding input device Wacom HID 511A Finger (/dev/input/event21)
[     8.105] (**) Wacom HID 511A Finger: Applying InputClass "libinput touchscreen catchall"
[     8.105] (II) Using input driver 'libinput' for 'Wacom HID 511A Finger'
[     8.106] (II) systemd-logind: got fd for /dev/input/event21 13:85 fd 27 paused 0
[     8.106] (**) Wacom HID 511A Finger: always reports core events
[     8.106] (**) Option "Device" "/dev/input/event21"
[     8.106] (**) Option "_source" "server/udev"
[     8.107] (II) event21 - Wacom HID 511A Finger: is tagged by udev as: Touchscreen
[     8.107] (II) event21 - Wacom HID 511A Finger: device is a touch device
[     8.107] (II) event21 - Wacom HID 511A Finger: device removed
[     8.107] (**) Option "config_info" "udev:/sys/devices/pci0000:00/0000:00:15.1/i2c_designware.1/i2c-1/i2c-WCOM511A:00/0018:056A:511A.0004/input/input39/event21"
[     8.107] (II) XINPUT: Adding extended input device "Wacom HID 511A Finger" (type: TOUCHSCREEN, id 14)
[     8.108] (**) Option "AccelerationScheme" "none"
[     8.108] (**) Wacom HID 511A Finger: (accel) selected scheme none/0
[     8.108] (**) Wacom HID 511A Finger: (accel) acceleration factor: 2.000
[     8.108] (**) Wacom HID 511A Finger: (accel) acceleration threshold: 4
[     8.109] (II) event21 - Wacom HID 511A Finger: is tagged by udev as: Touchscreen
[     8.109] (II) event21 - Wacom HID 511A Finger: device is a touch device
[     8.109] (II) config/udev: Adding input device Wacom HID 511A Finger (/dev/input/mouse3)
[     8.109] (II) No input driver specified, ignoring this device.
[     8.109] (II) This device may have been added with another device file.
[     8.110] (II) config/udev: Adding input device Intel Virtual Button driver (/dev/input/event4)
[     8.110] (**) Intel Virtual Button driver: Applying InputClass "libinput keyboard catchall"
[     8.110] (**) Intel Virtual Button driver: Applying InputClass "system-keyboard"
[     8.110] (II) Using input driver 'libinput' for 'Intel Virtual Button driver'
[     8.111] (II) systemd-logind: got fd for /dev/input/event4 13:68 fd 28 paused 0
[     8.111] (**) Intel Virtual Button driver: always reports core events
[     8.111] (**) Option "Device" "/dev/input/event4"
[     8.111] (**) Option "_source" "server/udev"
[     8.112] (II) event4  - Intel Virtual Button driver: is tagged by udev as: Keyboard Switch
[     8.112] (II) event4  - Intel Virtual Button driver: device is a keyboard
[     8.112] (II) event4  - Intel Virtual Button driver: device is a switch device
[     8.112] (II) event4  - Intel Virtual Button driver: device removed
[     8.112] (**) Option "config_info" "udev:/sys/devices/pci0000:00/0000:00:1f.0/PNP0C09:00/INT33D6:00/input/input4/event4"
[     8.112] (II) XINPUT: Adding extended input device "Intel Virtual Button driver" (type: KEYBOARD, id 15)
[     8.112] (**) Option "xkb_layout" "us"
[     8.113] (II) event4  - Intel Virtual Button driver: is tagged by udev as: Keyboard Switch
[     8.113] (II) event4  - Intel Virtual Button driver: device is a keyboard
[     8.113] (II) event4  - Intel Virtual Button driver: device is a switch device
[     8.113] (II) config/udev: Adding input device HDA Digital PCBeep (/dev/input/event11)
[     8.113] (II) No input driver specified, ignoring this device.
[     8.113] (II) This device may have been added with another device file.
[     8.113] (II) config/udev: Adding input device HDA Intel PCH Mic (/dev/input/event13)
[     8.113] (II) No input driver specified, ignoring this device.
[     8.113] (II) This device may have been added with another device file.
[     8.114] (II) config/udev: Adding input device HDA Intel PCH Headphone (/dev/input/event14)
[     8.114] (II) No input driver specified, ignoring this device.
[     8.114] (II) This device may have been added with another device file.
[     8.114] (II) config/udev: Adding input device HDA Intel PCH HDMI/DP,pcm=3 (/dev/input/event15)
[     8.114] (II) No input driver specified, ignoring this device.
[     8.114] (II) This device may have been added with another device file.
[     8.114] (II) config/udev: Adding input device HDA Intel PCH HDMI/DP,pcm=7 (/dev/input/event16)
[     8.114] (II) No input driver specified, ignoring this device.
[     8.114] (II) This device may have been added with another device file.
[     8.114] (II) config/udev: Adding input device HDA Intel PCH HDMI/DP,pcm=8 (/dev/input/event17)
[     8.114] (II) No input driver specified, ignoring this device.
[     8.114] (II) This device may have been added with another device file.
[     8.115] (II) config/udev: Adding input device HDA Intel PCH HDMI/DP,pcm=9 (/dev/input/event18)
[     8.115] (II) No input driver specified, ignoring this device.
[     8.115] (II) This device may have been added with another device file.
[     8.115] (II) config/udev: Adding input device HDA Intel PCH HDMI/DP,pcm=10 (/dev/input/event19)
[     8.115] (II) No input driver specified, ignoring this device.
[     8.115] (II) This device may have been added with another device file.
[     8.115] (II) config/udev: Adding input device Intel HID events (/dev/input/event3)
[     8.115] (**) Intel HID events: Applying InputClass "libinput keyboard catchall"
[     8.115] (**) Intel HID events: Applying InputClass "system-keyboard"
[     8.115] (II) Using input driver 'libinput' for 'Intel HID events'
[     8.116] (II) systemd-logind: got fd for /dev/input/event3 13:67 fd 29 paused 0
[     8.116] (**) Intel HID events: always reports core events
[     8.116] (**) Option "Device" "/dev/input/event3"
[     8.116] (**) Option "_source" "server/udev"
[     8.116] (II) event3  - Intel HID events: is tagged by udev as: Keyboard
[     8.116] (II) event3  - Intel HID events: device is a keyboard
[     8.117] (II) event3  - Intel HID events: device removed
[     8.117] (**) Option "config_info" "udev:/sys/devices/platform/INT33D5:00/input/input3/event3"
[     8.117] (II) XINPUT: Adding extended input device "Intel HID events" (type: KEYBOARD, id 16)
[     8.117] (**) Option "xkb_layout" "us"
[     8.117] (II) event3  - Intel HID events: is tagged by udev as: Keyboard
[     8.117] (II) event3  - Intel HID events: device is a keyboard
[     8.118] (II) config/udev: Adding input device AT Translated Set 2 keyboard (/dev/input/event2)
[     8.118] (**) AT Translated Set 2 keyboard: Applying InputClass "libinput keyboard catchall"
[     8.118] (**) AT Translated Set 2 keyboard: Applying InputClass "system-keyboard"
[     8.118] (II) Using input driver 'libinput' for 'AT Translated Set 2 keyboard'
[     8.118] (II) systemd-logind: got fd for /dev/input/event2 13:66 fd 30 paused 0
[     8.118] (**) AT Translated Set 2 keyboard: always reports core events
[     8.118] (**) Option "Device" "/dev/input/event2"
[     8.118] (**) Option "_source" "server/udev"
[     8.119] (II) event2  - AT Translated Set 2 keyboard: is tagged by udev as: Keyboard
[     8.119] (II) event2  - AT Translated Set 2 keyboard: device is a keyboard
[     8.120] (II) event2  - AT Translated Set 2 keyboard: device removed
[     8.120] (**) Option "config_info" "udev:/sys/devices/platform/i8042/serio0/input/input2/event2"
[     8.120] (II) XINPUT: Adding extended input device "AT Translated Set 2 keyboard" (type: KEYBOARD, id 17)
[     8.120] (**) Option "xkb_layout" "us"
[     8.121] (II) event2  - AT Translated Set 2 keyboard: is tagged by udev as: Keyboard
[     8.121] (II) event2  - AT Translated Set 2 keyboard: device is a keyboard
[     8.122] (II) config/udev: Adding input device ThinkPad Extra Buttons (/dev/input/event5)
[     8.122] (**) ThinkPad Extra Buttons: Applying InputClass "libinput keyboard catchall"
[     8.122] (**) ThinkPad Extra Buttons: Applying InputClass "system-keyboard"
[     8.122] (II) Using input driver 'libinput' for 'ThinkPad Extra Buttons'
[     8.122] (II) systemd-logind: got fd for /dev/input/event5 13:69 fd 31 paused 0
[     8.122] (**) ThinkPad Extra Buttons: always reports core events
[     8.123] (**) Option "Device" "/dev/input/event5"
[     8.123] (**) Option "_source" "server/udev"
[     8.123] (II) event5  - ThinkPad Extra Buttons: is tagged by udev as: Keyboard Switch
[     8.123] (II) event5  - ThinkPad Extra Buttons: device is a keyboard
[     8.123] (II) event5  - ThinkPad Extra Buttons: device removed
[     8.123] (**) Option "config_info" "udev:/sys/devices/platform/thinkpad_acpi/input/input5/event5"
[     8.123] (II) XINPUT: Adding extended input device "ThinkPad Extra Buttons" (type: KEYBOARD, id 18)
[     8.123] (**) Option "xkb_layout" "us"
[     8.124] (II) event5  - ThinkPad Extra Buttons: is tagged by udev as: Keyboard Switch
[     8.124] (II) event5  - ThinkPad Extra Buttons: device is a keyboard
[     8.136] (**) Chicony ThinkPad X1 Tablet Thin Keyboard Gen 3: Applying InputClass "libinput keyboard catchall"
[     8.136] (**) Chicony ThinkPad X1 Tablet Thin Keyboard Gen 3: Applying InputClass "system-keyboard"
[     8.136] (II) Using input driver 'libinput' for 'Chicony ThinkPad X1 Tablet Thin Keyboard Gen 3'
[     8.136] (II) systemd-logind: returning pre-existing fd for /dev/input/event8 13:72
[     8.136] (**) Chicony ThinkPad X1 Tablet Thin Keyboard Gen 3: always reports core events
[     8.136] (**) Option "Device" "/dev/input/event8"
[     8.136] (**) Option "_source" "_driver/libinput"
[     8.136] (II) libinput: Chicony ThinkPad X1 Tablet Thin Keyboard Gen 3: is a virtual subdevice
[     8.136] (**) Option "config_info" "udev:/sys/devices/pci0000:00/0000:00:14.0/usb1/1-1/1-1:1.1/0003:17EF:60B5.0002/input/input34/event8"
[     8.136] (II) XINPUT: Adding extended input device "Chicony ThinkPad X1 Tablet Thin Keyboard Gen 3" (type: KEYBOARD, id 19)
[     8.136] (**) Option "xkb_layout" "us"
[     9.871] (II) intel(0): EDID vendor "LGD", prod id 1410
[     9.872] (II) intel(0): Printing DDC gathered Modelines:
[     9.872] (II) intel(0): Modeline "3000x2000"x0.0  390.00  3000 3048 3080 3160  2000 2003 2013 2057 +hsync -vsync (123.4 kHz eP)
[     9.872] (II) intel(0): Modeline "3000x2000"x0.0  390.00  3000 3048 3080 3160  2000 2003 2013 2571 +hsync -vsync (123.4 kHz e)
